1614607328203	mozrunner::runner	INFO	Running command: "C:\\Program Files\\Mozilla Firefox\\firefox.exe" "-marionette" "-foreground" "-no-remote" "-profile" "C:\\Users\\ADMINI~1\\AppData\\Local\\Temp\\rust_mozprofile.pujQmN60cRt8"
JavaScript error: resource://gre/modules/XULStore.jsm, line 66: Error: Can't find profile directory.
console.warn: SearchSettings: "get: No settings file exists, new profile?" (new Error("", "(unknown module)"))
1614607332573	Marionette	INFO	Listening on port 51327
1614607333107	Marionette	WARN	TLS certificate errors will be ignored for this session
JavaScript error: https://cmsstatic.ffquan.cn//lib/redPacket/activityRedPacket.js?v=202102201552, line 5: ReferenceError: openCmsGgw is not defined
JavaScript error: resource://activity-stream/lib/ASRouter.jsm, line 988: NS_ERROR_ILLEGAL_VALUE: Component returned failure code: 0x80070057 (NS_ERROR_ILLEGAL_VALUE) [nsIObserverService.removeObserver]
console.error: services.settings: 
  main/cfr Signature failed  TypeError: NetworkError when attempting to fetch resource.
JavaScript error: resource://gre/modules/PageThumbUtils.jsm, line 38: TypeError: aWindow is null
1614607343529	Marionette	INFO	Stopped listening on port 51327

###!!! [Child][RunMessage] Error: Channel closing: too late to send/recv, messages will be lost

1614607355988	mozrunner::runner	INFO	Running command: "C:\\Program Files\\Mozilla Firefox\\firefox.exe" "-marionette" "-foreground" "-no-remote" "-profile" "C:\\Users\\ADMINI~1\\AppData\\Local\\Temp\\rust_mozprofile.3kSNPro0qtXg"
JavaScript error: resource://gre/modules/XULStore.jsm, line 66: Error: Can't find profile directory.
console.warn: SearchSettings: "get: No settings file exists, new profile?" (new Error("", "(unknown module)"))
1614607359581	Marionette	INFO	Listening on port 51455
1614607359707	Marionette	WARN	TLS certificate errors will be ignored for this session
console.warn: LoginRecipes: "getRecipes: falling back to a synchronous message for:" "https://www.baidu.com"
1614607583177	mozrunner::runner	INFO	Running command: "C:\\Program Files\\Mozilla Firefox\\firefox.exe" "-marionette" "-foreground" "-no-remote" "-profile" "C:\\Users\\ADMINI~1\\AppData\\Local\\Temp\\rust_mozprofile.AZCjtDzE6x1q"
JavaScript error: resource://gre/modules/XULStore.jsm, line 66: Error: Can't find profile directory.
console.warn: SearchSettings: "get: No settings file exists, new profile?" (new Error("", "(unknown module)"))
1614607586768	Marionette	INFO	Listening on port 52131
1614607586873	Marionette	WARN	TLS certificate errors will be ignored for this session
